<?xml version="1.0" encoding="UTF-8"?>
<!-- Generated by org.testng.reporters.JUnitReportReporter -->
<testsuite hostname="DESKTOP-L46HBGL" failures="0" tests="2" name="testNg.TestNg_demo" time="0.007" errors="0" timestamp="2024-09-08T19:28:24 IST" skipped="0">
  <testcase classname="testNg.TestNg_demo" name="test" time="0.006"/>
  <system-out>
    <![CDATA[Hii]]>
  </system-out>
  <testcase classname="testNg.TestNg_demo" name="test1" time="0.001"/>
  <system-out>
    <![CDATA[Hello]]>
  </system-out>
</testsuite> <!-- testNg.TestNg_demo -->
